Using pre-set license
Built from '2020.2/staging' branch; Version is '2020.2.5f1 (e2c53f129de5) revision 14861631'; Using compiler version '192528614'; Build Type 'Release'
OS: 'Windows 10 Enterprise; OS build 19044.1586; Version 2009; 64bit' Language: 'es' Physical Memory: 16332 MB
BatchMode: 1, IsHumanControllingUs: 0, StartBugReporterOnCrash: 0, Is64bit: 1, IsPro: 0

 COMMAND LINE ARGUMENTS:
C:\Program Files\Unity\Hub\Editor\2020.2.5f1\Editor\Unity.exe
-adb2
-batchMode
-noUpm
-name
AssetImportWorker0
-projectPath
C:/Users/Santiago Diaz/Documents/GitHub/UNCCollegiateGameJam/UNC Collegiate Game Jam
-logFile
Logs/AssetImportWorker0.log
-srvPort
63749
Successfully changed project path to: C:/Users/Santiago Diaz/Documents/GitHub/UNCCollegiateGameJam/UNC Collegiate Game Jam
C:/Users/Santiago Diaz/Documents/GitHub/UNCCollegiateGameJam/UNC Collegiate Game Jam
Using Asset Import Pipeline V2.
Refreshing native plugins compatible for Editor in 31.33 ms, found 1 plugins.
Preloading 0 native plugins for Editor in 0.00 ms.
Initialize engine version: 2020.2.5f1 (e2c53f129de5)
[Subsystems] Discovering subsystems at path C:/Program Files/Unity/Hub/Editor/2020.2.5f1/Editor/Data/Resources/UnitySubsystems
[Subsystems] Discovering subsystems at path C:/Users/Santiago Diaz/Documents/GitHub/UNCCollegiateGameJam/UNC Collegiate Game Jam/Assets
GfxDevice: creating device client; threaded=0
Direct3D:
    Version:  Direct3D 11.0 [level 11.1]
    Renderer: NVIDIA GeForce GTX 1650 (ID=0x1f82)
    Vendor:   
    VRAM:     3962 MB
    Driver:   30.0.15.1179
Initialize mono
Mono path[0] = 'C:/Program Files/Unity/Hub/Editor/2020.2.5f1/Editor/Data/Managed'
Mono path[1] = 'C:/Program Files/Unity/Hub/Editor/2020.2.5f1/Editor/Data/MonoBleedingEdge/lib/mono/unityjit'
Mono config path = 'C:/Program Files/Unity/Hub/Editor/2020.2.5f1/Editor/Data/MonoBleedingEdge/etc'
Using monoOptions --debugger-agent=transport=dt_socket,embedding=1,server=y,suspend=n,address=127.0.0.1:56280
Begin MonoManager ReloadAssembly
Registering precompiled unity dll's ...
Register platform support module: C:/Program Files/Unity/Hub/Editor/2020.2.5f1/Editor/Data/PlaybackEngines/WindowsStandaloneSupport/UnityEditor.WindowsStandalone.Extensions.dll
Registered in 0.001646 seconds.
Native extension for WindowsStandalone target not found
Refreshing native plugins compatible for Editor in 30.64 ms, found 1 plugins.
Preloading 0 native plugins for Editor in 0.00 ms.
Invoked RoslynAnalysisRunner static constructor.
RoslynAnalysisRunner will not be running.
RoslynAnalysisRunner has terminated.
Mono: successfully reloaded assembly
- Completed reload, in  0.808 seconds
Platform modules already initialized, skipping
Registering precompiled user dll's ...
Registered in 0.000670 seconds.
Begin MonoManager ReloadAssembly
Native extension for WindowsStandalone target not found
Refreshing native plugins compatible for Editor in 31.07 ms, found 1 plugins.
Preloading 0 native plugins for Editor in 0.00 ms.
Invoked RoslynAnalysisRunner static constructor.
RoslynAnalysisRunner will not be running.
RoslynAnalysisRunner has terminated.
Mono: successfully reloaded assembly
- Completed reload, in  0.725 seconds
Platform modules already initialized, skipping
========================================================================
Worker process is ready to serve import requests
Launched and connected shader compiler UnityShaderCompiler.exe after 0.08 seconds
Refreshing native plugins compatible for Editor in 0.34 ms, found 1 plugins.
Preloading 0 native plugins for Editor in 0.00 ms.
Unloading 1796 Unused Serialized files (Serialized files now loaded: 0)
System memory in use before: 84.9 MB.
System memory in use after: 84.9 MB.

Unloading 24 unused Assets to reduce memory usage. Loaded Objects now: 2237.
Total: 2.067700 ms (FindLiveObjects: 0.156000 ms CreateObjectMapping: 0.039400 ms MarkObjects: 1.754800 ms  DeleteObjects: 0.116200 ms)

========================================================================
Received Import Request.
  path: Assets
  artifactKey: Guid(00000000000000001000000000000000) Importer(815301076,1909f56bfc062723c751e8b465ee728b)
Start importing Assets using Guid(00000000000000001000000000000000) Importer(815301076,1909f56bfc062723c751e8b465ee728b)  -> (artifact id: '29f2a2471e7245fbc0aa931fa5cf45b7') in 0.006860 seconds
  Import took 0.009361 seconds .

========================================================================
Received Import Request.
  Time since last request: 0.020668 seconds.
  path: Assets
  artifactKey: Guid(00000000000000001000000000000000) Importer(815301076,1909f56bfc062723c751e8b465ee728b)
Start importing Assets using Guid(00000000000000001000000000000000) Importer(815301076,1909f56bfc062723c751e8b465ee728b)  -> (artifact id: '29f2a2471e7245fbc0aa931fa5cf45b7') in 0.001882 seconds
  Import took 0.004795 seconds .

========================================================================
Received Import Request.
  Time since last request: 3.438138 seconds.
  path: Assets/Scripts
  artifactKey: Guid(20cc7e6d155bc954dae0122f643faaa3) Importer(815301076,1909f56bfc062723c751e8b465ee728b)
Start importing Assets/Scripts using Guid(20cc7e6d155bc954dae0122f643faaa3) Importer(815301076,1909f56bfc062723c751e8b465ee728b)  -> (artifact id: '550e7f82e97fd27eef37c77911a54628') in 0.005310 seconds
  Import took 0.007861 seconds .

========================================================================
Received Import Request.
  Time since last request: 6.001078 seconds.
  path: Assets/Sprites
  artifactKey: Guid(2795d48591da5d04683732e37a18f935) Importer(815301076,1909f56bfc062723c751e8b465ee728b)
Start importing Assets/Sprites using Guid(2795d48591da5d04683732e37a18f935) Importer(815301076,1909f56bfc062723c751e8b465ee728b)  -> (artifact id: '6d6401234c7ca3d4edc3adf0fd5e70ba') in 0.004660 seconds
  Import took 0.007225 seconds .

========================================================================
Received Import Request.
  Time since last request: 6.130235 seconds.
  path: Assets/Import
  artifactKey: Guid(1fa930af4de4a8a469bb997d5db8b330) Importer(815301076,1909f56bfc062723c751e8b465ee728b)
Start importing Assets/Import using Guid(1fa930af4de4a8a469bb997d5db8b330) Importer(815301076,1909f56bfc062723c751e8b465ee728b)  -> (artifact id: 'd8f610cef4d3d7bb6a1c8ae2119ff6e5') in 0.005008 seconds
  Import took 0.007642 seconds .

========================================================================
Received Import Request.
  Time since last request: 11.900800 seconds.
  path: Assets/SFX
  artifactKey: Guid(cc2e99aa133cbd146924f4148d25993b) Importer(815301076,1909f56bfc062723c751e8b465ee728b)
Start importing Assets/SFX using Guid(cc2e99aa133cbd146924f4148d25993b) Importer(815301076,1909f56bfc062723c751e8b465ee728b)  -> (artifact id: 'f09ad81fd11b9142a68c5b89ded45d2e') in 0.005156 seconds
  Import took 0.007847 seconds .

========================================================================
Received Import Request.
  Time since last request: 23.156445 seconds.
  path: Assets/PreFabs
  artifactKey: Guid(8fc7a495cc4bc2b4d94793a786072320) Importer(815301076,1909f56bfc062723c751e8b465ee728b)
Start importing Assets/PreFabs using Guid(8fc7a495cc4bc2b4d94793a786072320) Importer(815301076,1909f56bfc062723c751e8b465ee728b)  -> (artifact id: '3fadca59949f4cc61d4a82a3cb568ba6') in 0.004731 seconds
  Import took 0.007526 seconds .

========================================================================
Received Import Request.
  Time since last request: 31.690433 seconds.
  path: Assets/_TestTostin
  artifactKey: Guid(af4f89b97baa9f7478bb72356e93caae) Importer(815301076,1909f56bfc062723c751e8b465ee728b)
Start importing Assets/_TestTostin using Guid(af4f89b97baa9f7478bb72356e93caae) Importer(815301076,1909f56bfc062723c751e8b465ee728b)  -> (artifact id: '44d50db95ed61d7f43d8701d3431ab23') in 0.005082 seconds
  Import took 0.007640 seconds .

========================================================================
Received Import Request.
  Time since last request: 6.452953 seconds.
  path: Assets/_TestDiaz
  artifactKey: Guid(26c2fbdf27dfa734aa2e66b31309efb0) Importer(815301076,1909f56bfc062723c751e8b465ee728b)
Start importing Assets/_TestDiaz using Guid(26c2fbdf27dfa734aa2e66b31309efb0) Importer(815301076,1909f56bfc062723c751e8b465ee728b)  -> (artifact id: '575a899ad5b1ce9a0657cb77ab2568d9') in 0.005052 seconds
  Import took 0.007610 seconds .

========================================================================
Received Import Request.
  Time since last request: 11.124388 seconds.
  path: Assets/Scenes
  artifactKey: Guid(8131b67904cc7494b86a7ec584976b20) Importer(815301076,1909f56bfc062723c751e8b465ee728b)
Start importing Assets/Scenes using Guid(8131b67904cc7494b86a7ec584976b20) Importer(815301076,1909f56bfc062723c751e8b465ee728b)  -> (artifact id: '1e10783eed5a1d8aae61d07a7d4a1f41') in 0.005319 seconds
  Import took 0.008435 seconds .

========================================================================
Received Import Request.
  Time since last request: 0.004778 seconds.
  path: Assets/Scenes
  artifactKey: Guid(8131b67904cc7494b86a7ec584976b20) Importer(815301076,1909f56bfc062723c751e8b465ee728b)
Start importing Assets/Scenes using Guid(8131b67904cc7494b86a7ec584976b20) Importer(815301076,1909f56bfc062723c751e8b465ee728b)  -> (artifact id: '1e10783eed5a1d8aae61d07a7d4a1f41') in 0.002226 seconds
  Import took 0.005312 seconds .

========================================================================
Received Import Request.
  Time since last request: 5.654660 seconds.
  path: Assets/Scenes/SampleScene.unity
  artifactKey: Guid(2cda990e2423bbf4892e6590ba056729) Importer(815301076,1909f56bfc062723c751e8b465ee728b)
Start importing Assets/Scenes/SampleScene.unity using Guid(2cda990e2423bbf4892e6590ba056729) Importer(815301076,1909f56bfc062723c751e8b465ee728b)  -> (artifact id: '86dde9cd7e28fe21961ff6462dd5b624') in 0.011930 seconds
  Import took 0.014634 seconds .

========================================================================
Received Import Request.
  Time since last request: 5.650039 seconds.
  path: Assets/Scenes/Game.unity
  artifactKey: Guid(2cda990e2423bbf4892e6590ba056729) Importer(815301076,1909f56bfc062723c751e8b465ee728b)
Start importing Assets/Scenes/Game.unity using Guid(2cda990e2423bbf4892e6590ba056729) Importer(815301076,1909f56bfc062723c751e8b465ee728b)  -> (artifact id: '6126bca45a1b52dc2316954bd46fe1ad') in 0.005409 seconds
  Import took 0.008058 seconds .

========================================================================
Received Import Request.
  Time since last request: 45.667913 seconds.
  path: Assets/TextMesh Pro
  artifactKey: Guid(f54d1bd14bd3ca042bd867b519fee8cc) Importer(815301076,1909f56bfc062723c751e8b465ee728b)
Start importing Assets/TextMesh Pro using Guid(f54d1bd14bd3ca042bd867b519fee8cc) Importer(815301076,1909f56bfc062723c751e8b465ee728b)  -> (artifact id: 'be8cdd793bc772d1263bed7ea4fab192') in 0.005106 seconds
  Import took 0.007593 seconds .

========================================================================
Received Import Request.
  Time since last request: 39.358941 seconds.
  path: Assets/Other
  artifactKey: Guid(a7e395302d3ce9b45b0dc93ccb721d4e) Importer(815301076,1909f56bfc062723c751e8b465ee728b)
Start importing Assets/Other using Guid(a7e395302d3ce9b45b0dc93ccb721d4e) Importer(815301076,1909f56bfc062723c751e8b465ee728b)  -> (artifact id: 'b5a7071fb0e2e6552d3c6e69bb91312e') in 0.005540 seconds
  Import took 0.008189 seconds .

AssetImportWorkerClient::OnTransportError - code=2 error=End of file
